1597302829018	mozrunner::runner	INFO	Running command: "/usr/bin/firefox" "-marionette" "-private" "-headless" "-foreground" "-no-remote" "-profile" "/tmp/rust_mozprofileVWMjEF"
*** You are running in headless mode.
console.error: SearchCache: "_readCacheFile: Error reading cache file:" (new Error("", "(unknown module)"))
JavaScript error: resource://gre/modules/XULStore.jsm, line 66: Error: Can't find profile directory.
1597302835451	Marionette	INFO	Listening on port 40379
1597302835510	Marionette	WARN	TLS certificate errors will be ignored for this session
JavaScript error: https://www.myntra.com/tshirts/hrx-by-hrithik-roshan/hrx-by-hrithik-roshan-men-yellow-printed-round-neck-t-shirt/1700944/buy line 1633 > injectedScript, line 1: ReferenceError: gtag is not defined
JavaScript error: https://www.myntra.com/tshirts/huetrap/huetrap-men-black-printed-superman-round-neck-t-shirt/11548544/buy line 1633 > injectedScript, line 1: ReferenceError: gtag is not defined
JavaScript error: https://www.myntra.com/tshirts/wrogn/wrogn-men-grey-melange-self-design-round-neck-t-shirt/1894413/buy line 1633 > injectedScript, line 1: ReferenceError: gtag is not defined
JavaScript error: resource://gre/actors/PictureInPictureChild.jsm, line 114: InvalidStateError: An attempt was made to use an object that is not, or is no longer, usable
JavaScript error: https://www.myntra.com/tshirts/proline-active/proline-active-men-red-solid-round-neck-everfresh-sports-t-shirt-with-printed-detail-/11466458/buy line 1633 > injectedScript, line 1: ReferenceError: gtag is not defined
JavaScript error: https://www.myntra.com/tshirts/roadster/roadster-men-grey-melange--rust-orange-striped-v-neck-t-shirt/1673734/buy line 1633 > injectedScript, line 1: ReferenceError: gtag is not defined
JavaScript error: https://www.myntra.com/tshirts/superdry/superdry-men-navy-blue--white-printed-malibu-round-neck-t-shirt/9375687/buy line 1633 > injectedScript, line 1: ReferenceError: gtag is not defined
JavaScript error: https://www.myntra.com/tshirts/hrx-by-hrithik-roshan/hrx-by-hrithik-roshan-men-coral-red-solid-polo-collar-t-shirt/11930114/buy line 1633 > injectedScript, line 1: ReferenceError: gtag is not defined
JavaScript error: https://www.myntra.com/tshirts/herenow/herenow-men-white-solid-round-neck-t-shirt/8267997/buy line 1633 > injectedScript, line 1: ReferenceError: gtag is not defined
JavaScript error: https://www.myntra.com/tshirts/roadster/roadster-men-olive-green-camouflage-round-neck-t-shirt/1830401/buy line 1633 > injectedScript, line 1: ReferenceError: gtag is not defined
JavaScript error: https://www.myntra.com/tshirts/ether/ether-men-navy-printed-round-neck-t-shirt/2322714/buy line 1633 > injectedScript, line 1: ReferenceError: gtag is not defined
JavaScript error: https://www.myntra.com/tshirts/wrogn/wrogn-men-black--white-colourblocked-slim-fit-hooded-t-shirt/10410520/buy line 1633 > injectedScript, line 1: ReferenceError: gtag is not defined
JavaScript error: https://www.myntra.com/tshirts/roadster/roadster-men-blue-tie-and-dye-round-neck-t-shirt/10939294/buy line 1633 > injectedScript, line 1: ReferenceError: gtag is not defined
JavaScript error: https://www.myntra.com/tshirts/nautica/nautica-men-white-printed-slim-fit-polo-collar-t-shirt/11630352/buy line 1633 > injectedScript, line 1: ReferenceError: gtag is not defined
JavaScript error: https://www.myntra.com/tshirts/nautica/nautica-men-white--navy-blue-colourblocked-polo-collar-t-shirt/11630318/buy line 1633 > injectedScript, line 1: ReferenceError: gtag is not defined
JavaScript error: https://www.myntra.com/tshirts/roadster/roadster-men-black-and-beige-printed-round-neck-t-shirt/11545084/buy line 1633 > injectedScript, line 1: ReferenceError: gtag is not defined
JavaScript error: https://www.myntra.com/tshirts/moda-rapido/moda-rapido-men-white--navy-blue-striped-polo-collar-t-shirt/2378392/buy line 1633 > injectedScript, line 1: ReferenceError: gtag is not defined
JavaScript error: https://www.myntra.com/tshirts/wrogn/wrogn-men-white--blue-printed-t-shirt/1729446/buy line 1633 > injectedScript, line 1: ReferenceError: gtag is not defined
JavaScript error: https://www.myntra.com/tshirts/highlander/highlander-men-charcoal-grey--black-striped-t-shirt/2121603/buy line 1633 > injectedScript, line 1: ReferenceError: gtag is not defined
JavaScript error: https://www.myntra.com/tshirts/roadster/roadster-men-mustard-yellow-colourblocked-polo-collar-t-shirt/10940988/buy line 1633 > injectedScript, line 1: ReferenceError: gtag is not defined
JavaScript error: https://www.myntra.com/tshirts/ether/ether-men-black-solid-henley-neck-t-shirt/11752066/buy line 1633 > injectedScript, line 1: ReferenceError: gtag is not defined
JavaScript error: https://www.myntra.com/tshirts/difference-of-opinion/difference-of-opinion-men-grey-melange--blue-printed-round-neck-t-shirt/7337396/buy line 1633 > injectedScript, line 1: ReferenceError: gtag is not defined
JavaScript error: https://www.myntra.com/tshirts/superdry/superdry-men-grey-melange-printed-custom-classics-round-neck-t-shirt/9375421/buy line 1633 > injectedScript, line 1: ReferenceError: gtag is not defined
JavaScript error: https://www.myntra.com/tshirts/marks--spencer/marks--spencer-men-grey-self-design-round-neck-sports-t-shirt/11956860/buy line 1633 > injectedScript, line 1: ReferenceError: gtag is not defined
JavaScript error: https://www.myntra.com/tshirts/superdry/superdry-men-charcoal-grey-solid-polo-collar-t-shirt/9375427/buy line 1633 > injectedScript, line 1: ReferenceError: gtag is not defined
JavaScript error: https://www.myntra.com/tshirts/wrogn/wrogn-men-green-slim-fit-solid-polo-collar-t-shirt/4699703/buy line 1633 > injectedScript, line 1: ReferenceError: gtag is not defined
JavaScript error: resource://gre/actors/PictureInPictureChild.jsm, line 114: InvalidStateError: An attempt was made to use an object that is not, or is no longer, usable
JavaScript error: https://www.myntra.com/tshirts/roadster/roadster-men-white--navy-blue-colourblocked-polo-collar-t-shirt/11929210/buy line 1633 > injectedScript, line 1: ReferenceError: gtag is not defined
JavaScript error: resource://gre/actors/PictureInPictureChild.jsm, line 114: InvalidStateError: An attempt was made to use an object that is not, or is no longer, usable
JavaScript error: https://www.myntra.com/tshirts/mast--harbour/mast--harbour-men-blue-solid-polo-collar-t-shirt/11607368/buy line 1633 > injectedScript, line 1: ReferenceError: gtag is not defined
JavaScript error: https://www.myntra.com/tshirts/huetrap/huetrap-men-orange-printed-round-neck-t-shirt/2332338/buy line 1633 > injectedScript, line 1: ReferenceError: gtag is not defined
JavaScript error: https://www.myntra.com/tshirts/ether/ether-men-black-solid-henley-neck-t-shirt/12015310/buy line 1633 > injectedScript, line 1: ReferenceError: gtag is not defined
JavaScript error: https://www.myntra.com/tshirts/roadster/roadster-men-blue-solid-round-neck-t-shirt/11126660/buy line 1633 > injectedScript, line 1: ReferenceError: gtag is not defined
JavaScript error: https://www.myntra.com/tshirts/superdry/superdry-men-orange-dyed-active-ombre-round-neck-t-shirt/10724446/buy line 1633 > injectedScript, line 1: ReferenceError: gtag is not defined
JavaScript error: https://www.myntra.com/tshirts/kook-n-keech-marvel/kook-n-keech-marvel-white-civil-war-print-t-shirt/1293761/buy line 1633 > injectedScript, line 1: ReferenceError: gtag is not defined
JavaScript error: https://www.myntra.com/tshirts/beverly-hills-polo-club/beverly-hills-polo-club-men-turquoise-blue-solid-polo-collar-t-shirt/12121584/buy line 1633 > injectedScript, line 1: ReferenceError: gtag is not defined
JavaScript error: https://www.myntra.com/tshirts/roadster/roadster-men-navy--maroon-striped-polo-t-shirt/1342305/buy line 1633 > injectedScript, line 1: ReferenceError: gtag is not defined
JavaScript error: resource://gre/actors/PictureInPictureChild.jsm, line 114: InvalidStateError: An attempt was made to use an object that is not, or is no longer, usable
JavaScript error: resource://gre/actors/PictureInPictureChild.jsm, line 114: InvalidStateError: An attempt was made to use an object that is not, or is no longer, usable
JavaScript error: https://www.myntra.com/tshirts/moda-rapido/moda-rapido-men-black-printed-t-shirt/2040454/buy line 1633 > injectedScript, line 1: ReferenceError: gtag is not defined
JavaScript error: https://www.myntra.com/tshirts/kook-n-keech/kook-n-keech-men-black--white-printed-round-neck-oversized-t-shirt/2095980/buy line 1633 > injectedScript, line 1: ReferenceError: gtag is not defined
JavaScript error: https://www.myntra.com/tshirts/beverly-hills-polo-club/beverly-hills-polo-club-men-black--grey-colourblocked-polo-collar-t-shirt/12119220/buy line 1633 > injectedScript, line 1: ReferenceError: gtag is not defined
JavaScript error: https://www.myntra.com/tshirts/herenow/herenow-men-navy-printed-round-neck-t-shirt/4318137/buy line 1633 > injectedScript, line 1: ReferenceError: gtag is not defined
JavaScript error: https://www.myntra.com/tshirts/wrogn/wrogn-men-off-white-printed-hood-t-shirt/10188253/buy line 1633 > injectedScript, line 1: ReferenceError: gtag is not defined
JavaScript error: resource://gre/actors/PictureInPictureChild.jsm, line 114: InvalidStateError: An attempt was made to use an object that is not, or is no longer, usable
JavaScript error: https://www.myntra.com/tshirts/nautica/nautica-men-blue--white-striped-slim-fit-polo-collar-t-shirt/11487278/buy line 1633 > injectedScript, line 1: ReferenceError: gtag is not defined
JavaScript error: https://www.myntra.com/tshirts/wrogn/wrogn-off-white--green-lightweight-printed-t-shirt/1729573/buy line 1633 > injectedScript, line 1: ReferenceError: gtag is not defined
JavaScript error: https://www.myntra.com/tshirts/hrx-by-hrithik-roshan/hrx-by-hrithik-roshan-men-black-printed-lifestyle-round-neck-t-shirt/11930070/buy line 1633 > injectedScript, line 1: ReferenceError: gtag is not defined
JavaScript error: https://www.myntra.com/tshirts/red-tape/red-tape-men-white-solid-round-neck-t-shirt/11392222/buy line 1633 > injectedScript, line 1: ReferenceError: gtag is not defined
JavaScript error: https://www.myntra.com/tshirts/herenow/herenow-men-green-solid-round-neck-t-shirt-with-sleeve-print-detail/11727422/buy line 1633 > injectedScript, line 1: ReferenceError: gtag is not defined
JavaScript error: https://www.myntra.com/tshirts/puma/puma-men-black-printed-regular-fit-ess-small-logo-round-neck-t-shirt/10298831/buy line 1633 > injectedScript, line 1: ReferenceError: gtag is not defined
JavaScript error: resource://gre/actors/PictureInPictureChild.jsm, line 114: InvalidStateError: An attempt was made to use an object that is not, or is no longer, usable
JavaScript error: https://www.myntra.com/tshirts/roadster/roadster-men-maroon-solid-round-neck-t-shirt/2169168/buy line 1633 > injectedScript, line 1: ReferenceError: gtag is not defined
JavaScript error: https://www.myntra.com/tshirts/hm/hm-men-blue-premium-cotton-polo-shirt/12119840/buy line 1633 > injectedScript, line 1: ReferenceError: gtag is not defined
JavaScript error: https://www.myntra.com/tshirts/wrogn/wrogn-men-teal-blue--white-slim-fit-colourblocked-polo-collar-t-shirt/11363462/buy line 1633 > injectedScript, line 1: ReferenceError: gtag is not defined
JavaScript error: https://www.myntra.com/tshirts/superdry/superdry-men-red-solid-polo-collar-t-shirt/9375567/buy line 1633 > injectedScript, line 1: ReferenceError: gtag is not defined
JavaScript error: https://www.myntra.com/tshirts/roadster/roadster-men-rust-brown-solid-round-neck-t-shirt/12003898/buy line 1633 > injectedScript, line 1: ReferenceError: gtag is not defined
JavaScript error: https://www.myntra.com/tshirts/mast--harbour/mast--harbour-men-white-solid-round-neck-t-shirt/12009472/buy line 1633 > injectedScript, line 1: ReferenceError: gtag is not defined
JavaScript error: https://www.myntra.com/tshirts/allen-solly/allen-solly-men-blue--black-colourblocked-polo-collar-t-shirt/10976168/buy line 1633 > injectedScript, line 1: ReferenceError: gtag is not defined
JavaScript error: https://www.myntra.com/tshirts/roadster/roadster-men-pack-of-2-solid-polo-collar-t-shirt/12003874/buy line 1633 > injectedScript, line 1: ReferenceError: gtag is not defined
JavaScript error: https://www.myntra.com/tshirts/rare-rabbit/rare-rabbit-men-maroon-solid-round-neck-t-shirt/12097416/buy line 1633 > injectedScript, line 1: ReferenceError: gtag is not defined
JavaScript error: https://www.myntra.com/tshirts/roadster/roadster-men-black--brown-printed-round-neck-t-shirt/11545660/buy line 1633 > injectedScript, line 1: ReferenceError: gtag is not defined
JavaScript error: https://www.myntra.com/tshirts/french-connection/french-connection-men-red-slim-fit-solid-polo-collar-t-shirt/10764736/buy line 1633 > injectedScript, line 1: ReferenceError: gtag is not defined
JavaScript error: https://www.myntra.com/tshirts/kook-n-keech-marvel/kook-n-keech-marvel-black-captain-america-print-t-shirt/1293737/buy line 1633 > injectedScript, line 1: ReferenceError: gtag is not defined
JavaScript error: https://www.myntra.com/tshirts/beverly-hills-polo-club/beverly-hills-polo-club-men-navy-blue--green-striped-polo-collar-t-shirt/12119152/buy line 1633 > injectedScript, line 1: ReferenceError: gtag is not defined
JavaScript error: https://www.myntra.com/tshirts/mast--harbour/mast--harbour-white--navy-striped-polo-t-shirt/1097648/buy line 1633 > injectedScript, line 1: ReferenceError: gtag is not defined
JavaScript error: https://www.myntra.com/tshirts/locomotive/locomotive-men-black--white-colourblocked-hood-t-shirt/10285763/buy line 1633 > injectedScript, line 1: ReferenceError: gtag is not defined
JavaScript error: https://www.myntra.com/tshirts/superdry/superdry-men-black-printed-premium-work-round-neck-t-shirt/9375651/buy line 1633 > injectedScript, line 1: ReferenceError: gtag is not defined
JavaScript error: https://www.myntra.com/tshirts/roadster/roadster-men-grey-melange-solid-round-neck-t-shirt/11306990/buy line 1633 > injectedScript, line 1: ReferenceError: gtag is not defined
JavaScript error: https://www.myntra.com/tshirts/hrx-by-hrithik-roshan/hrx-by-hrithik-roshan-men-blue-solid-polo-collar-t-shirt/11930120/buy line 1633 > injectedScript, line 1: ReferenceError: gtag is not defined
JavaScript error: https://www.myntra.com/tshirts/kook-n-keech-marvel/kook-n-keech-marvel-men-blue-printed-round-neck-t-shirt/2216536/buy line 1633 > injectedScript, line 1: ReferenceError: gtag is not defined
JavaScript error: https://www.myntra.com/tshirts/jack--jones/jack--jones-men-green-slim-fit-printed-round-neck-t-shirt/11207162/buy line 1633 > injectedScript, line 1: ReferenceError: gtag is not defined
JavaScript error: https://www.myntra.com/tshirts/rare-rabbit/rare-rabbit-men-mustard-yellow-solid-polo-collar-t-shirt/12097414/buy line 1633 > injectedScript, line 1: ReferenceError: gtag is not defined
JavaScript error: https://www.myntra.com/tshirts/roadster/roadster-men-black-solid-round-neck-t-shirt/2215283/buy line 1633 > injectedScript, line 1: ReferenceError: gtag is not defined
JavaScript error: https://www.myntra.com/tshirts/sztori/sztori-men-yellow-solid-polo-collar-t-shirt/11896500/buy line 1633 > injectedScript, line 1: ReferenceError: gtag is not defined
JavaScript error: https://www.myntra.com/tshirts/hrx-by-hrithik-roshan/hrx-by-hrithik-roshan-men-orange-printed-t-shirt/1700905/buy line 1633 > injectedScript, line 1: ReferenceError: gtag is not defined
JavaScript error: https://www.myntra.com/tshirts/calvin-klein-jeans/calvin-klein-jeans-men-black-solid-round-neck-t-shirt-with-pocket-detailing/11370188/buy line 1633 > injectedScript, line 1: ReferenceError: gtag is not defined
JavaScript error: https://www.myntra.com/tshirts/huetrap/huetrap-men-black-printed-round-neck-glow-in-the-dark-t-shirt/7783107/buy line 1633 > injectedScript, line 1: ReferenceError: gtag is not defined
JavaScript error: https://www.myntra.com/tshirts/roadster/roadster-men-black--blue-colourblocked-polo-collar-t-shirt/12013474/buy line 1633 > injectedScript, line 1: ReferenceError: gtag is not defined
JavaScript error: https://www.myntra.com/tshirts/hrx-by-hrithik-roshan/hrx-by-hrithik-roshan-men-brown-lifestyle-printed-round-neck-t-shirt/11930086/buy line 1633 > injectedScript, line 1: ReferenceError: gtag is not defined
JavaScript error: https://www.myntra.com/tshirts/herenow/herenow-men-mustard-yellow--black-colourblocked-polo-collar-t-shirt/7546887/buy line 1633 > injectedScript, line 1: ReferenceError: gtag is not defined
JavaScript error: https://www.myntra.com/tshirts/dillinger/dillinger-men-green--black-printed-round-neck-t-shirt/7452058/buy line 1633 > injectedScript, line 1: ReferenceError: gtag is not defined
JavaScript error: https://www.myntra.com/tshirts/roadster/roadster-men-blue-printed-round-neck-t-shirt/2275305/buy line 1633 > injectedScript, line 1: ReferenceError: gtag is not defined
JavaScript error: https://www.myntra.com/tshirts/hrx-by-hrithik-roshan/hrx-by-hrithik-roshan-men-burgundy-printed-round-neck-t-shirt/11999610/buy line 1633 > injectedScript, line 1: ReferenceError: gtag is not defined
JavaScript error: https://www.myntra.com/tshirts/superdry/superdry-men-blue-printed-shop-aop-round-neck-t-shirt/8800609/buy line 1633 > injectedScript, line 1: ReferenceError: gtag is not defined
JavaScript error: https://www.myntra.com/tshirts/wrogn/wrogn-men-olive-green-slim-fit-solid-polo-collar-t-shirt/11363988/buy line 1633 > injectedScript, line 1: ReferenceError: gtag is not defined
JavaScript error: https://www.myntra.com/tshirts/ether/ether-men-grey-melange-slim-fit-solid-henley-neck-t-shirt/11432194/buy line 1633 > injectedScript, line 1: ReferenceError: gtag is not defined
JavaScript error: https://www.myntra.com/tshirts/hrx-by-hrithik-roshan/hrx-by-hrithik-roshan-men-white-solid-yoga-tank-t-shirt/8905345/buy line 1633 > injectedScript, line 1: ReferenceError: gtag is not defined
JavaScript error: https://www.myntra.com/tshirts/roadster/roadster-men-yellow-printed-round-neck-t-shirt/11534294/buy line 1633 > injectedScript, line 1: ReferenceError: gtag is not defined
JavaScript error: https://www.myntra.com/tshirts/adidas/adidas-men-black-essentials-linear-logo-print-round-neck-t-shirt/8809577/buy line 1633 > injectedScript, line 1: ReferenceError: gtag is not defined
JavaScript error: https://www.myntra.com/tshirts/ether/ether-unisex-white-printed-stripe-round-neck-t-shirt/2199703/buy line 1633 > injectedScript, line 1: ReferenceError: gtag is not defined
JavaScript error: https://www.myntra.com/tshirts/roadster/roadster-men-black--grey-striped-detail-round-neck-t-shirt/11534120/buy line 1633 > injectedScript, line 1: ReferenceError: gtag is not defined
JavaScript error: https://www.myntra.com/tshirts/nautica/nautica-men-white-solid-polo-collar-t-shirt-with-embroidery/11630382/buy line 1633 > injectedScript, line 1: ReferenceError: gtag is not defined
JavaScript error: https://www.myntra.com/tshirts/hrx-by-hrithik-roshan/hrx-by-hrithik-roshan-men-fluorescent-green-solid-round-neck-running-t-shirt/7231695/buy line 1633 > injectedScript, line 1: ReferenceError: gtag is not defined
JavaScript error: https://www.myntra.com/tshirts/wrogn/wrogn-men-black--charcoal-grey-slim-fit-colourblocked-round-neck-t-shirt/9768159/buy line 1633 > injectedScript, line 1: ReferenceError: gtag is not defined
JavaScript error: https://www.myntra.com/tshirts/hrx-by-hrithik-roshan/hrx-by-hrithik-roshan-men-black-slim-advanced-rapid-dry-raglan-t-shirt/2314424/buy line 1633 > injectedScript, line 1: ReferenceError: gtag is not defined
JavaScript error: https://www.myntra.com/tshirts/roadster/roadster-men-white--maroon-striped-round-neck-t-shirt/12024960/buy line 1633 > injectedScript, line 1: ReferenceError: gtag is not defined
JavaScript error: https://www.myntra.com/tshirts/american-eagle-outfitters/american-eagle-outfitters-men-maroon-solid-polo-collar-t-shirt/11468592/buy line 1633 > injectedScript, line 1: ReferenceError: gtag is not defined
JavaScript error: https://www.myntra.com/tshirts/fido-dido/fido-dido-men-pink-solid-polo-collar-slim-fit-t-shirt/2471500/buy line 1633 > injectedScript, line 1: ReferenceError: gtag is not defined
JavaScript error: https://www.myntra.com/tshirts/us-polo-assn/us-polo-assn-men-turquoise-blue-solid-polo-collar-t-shirt/7215909/buy line 1633 > injectedScript, line 1: ReferenceError: gtag is not defined
JavaScript error: resource://gre/actors/PictureInPictureChild.jsm, line 114: InvalidStateError: An attempt was made to use an object that is not, or is no longer, usable
JavaScript error: https://www.myntra.com/tshirts/herenow/herenow-men-teal-blue-solid-polo-collar-t-shirt/7546902/buy line 1633 > injectedScript, line 1: ReferenceError: gtag is not defined
JavaScript error: https://www.myntra.com/tshirts/roadster/roadster-men-maroon-striped-henley-neck-t-shirt/11545228/buy line 1633 > injectedScript, line 1: ReferenceError: gtag is not defined
JavaScript error: https://www.myntra.com/tshirts/hrx-by-hrithik-roshan/hrx-by-hrithik-roshan-men-black-solid-rapid-dry-running-t-shirt/10565566/buy line 1633 > injectedScript, line 1: ReferenceError: gtag is not defined
JavaScript error: https://www.myntra.com/tshirts/maniac/maniac-men-blue-printed-round-neck-slim-fit-t-shirt/2493662/buy line 1633 > injectedScript, line 1: ReferenceError: gtag is not defined
JavaScript error: https://www.myntra.com/tshirts/puma/puma-men-black-printed-logo-split-round-neck-t-shirt/10879308/buy line 1633 > injectedScript, line 1: ReferenceError: gtag is not defined
JavaScript error: https://www.myntra.com/tshirts/roadster/roadster-men-maroon-and-black-printed-round-neck-t-shirt/11544864/buy line 1633 > injectedScript, line 1: ReferenceError: gtag is not defined
JavaScript error: https://www.myntra.com/tshirts/superdry/superdry-men-black-colourblocked-vintage-logo-neon-round-neck-t-shirt/9375677/buy line 1633 > injectedScript, line 1: ReferenceError: gtag is not defined
JavaScript error: https://www.myntra.com/tshirts/dillinger/dillinger-men-mustard-yellow-solid-round-neck-t-shirt/11068030/buy line 1633 > injectedScript, line 1: ReferenceError: gtag is not defined
JavaScript error: https://www.myntra.com/tshirts/roadster/roadster-men-green-printed-round-neck-t-shirt/11534290/buy line 1633 > injectedScript, line 1: ReferenceError: gtag is not defined
JavaScript error: https://www.myntra.com/tshirts/moda-rapido/moda-rapido-men-grey--black-colourblocked-round-neck-t-shirt/1829113/buy line 1633 > injectedScript, line 1: ReferenceError: gtag is not defined
JavaScript error: https://www.myntra.com/tshirts/herenow/herenow-men-white--orange-ombre-dyed-round-neck-t-shirt/8879399/buy line 1633 > injectedScript, line 1: ReferenceError: gtag is not defined
JavaScript error: https://www.myntra.com/tshirts/hrx-by-hrithik-roshan/hrx-by-hrithik-roshan-men-off-white--navy-colourblocked-athleisure-henley-neck-t-shirt/6791070/buy line 1633 > injectedScript, line 1: ReferenceError: gtag is not defined
JavaScript error: https://www.myntra.com/tshirts/french-connection/french-connection-men-navy-blue-solid-slim-fit-tipping-polo-collar-t-shirt/10764708/buy line 1633 > injectedScript, line 1: ReferenceError: gtag is not defined
JavaScript error: https://www.myntra.com/tshirts/roadster/roadster-men-rust-brown--navy-blue-striped-henley-neck-t-shirt/11545000/buy line 1633 > injectedScript, line 1: ReferenceError: gtag is not defined
JavaScript error: https://www.myntra.com/tshirts/calvin-klein-jeans/calvin-klein-jeans-men-white-printed-round-neck-t-shirt/11370084/buy line 1633 > injectedScript, line 1: ReferenceError: gtag is not defined
JavaScript error: https://www.myntra.com/tshirts/huetrap/huetrap-men-white-graphic-print-round-neck-t-shirt/1101584/buy line 1633 > injectedScript, line 1: ReferenceError: gtag is not defined
JavaScript error: https://www.myntra.com/tshirts/us-polo-assn/us-polo-assn-men-red-solid-polo-collar-t-shirt/7215901/buy line 1633 > injectedScript, line 1: ReferenceError: gtag is not defined
JavaScript error: resource://gre/actors/PictureInPictureChild.jsm, line 114: InvalidStateError: An attempt was made to use an object that is not, or is no longer, usable
JavaScript error: https://www.myntra.com/tshirts/dillinger/dillinger-men-rust-solid-round-neck-t-shirt/7228322/buy line 1633 > injectedScript, line 1: ReferenceError: gtag is not defined
JavaScript error: https://www.myntra.com/tshirts/cultsport/cultsport-men-blue-solid-polo-collar-t-shirt/12229928/buy line 1633 > injectedScript, line 1: ReferenceError: gtag is not defined
JavaScript error: https://www.myntra.com/tshirts/hrx-by-hrithik-roshan/hrx-by-hrithik-roshan-men-navy-advanced-rapid-dry-round-neck-t-shirt/2314400/buy line 1633 > injectedScript, line 1: ReferenceError: gtag is not defined
JavaScript error: https://www.myntra.com/tshirts/calvin-klein-jeans/calvin-klein-jeans-men-white-slim-fit-printed-round-neck-t-shirt/10267849/buy line 1633 > injectedScript, line 1: ReferenceError: gtag is not defined
JavaScript error: https://www.myntra.com/tshirts/veirdo/veirdo-men-navy-blue--white-colourblocked-round-neck-t-shirt/11925920/buy line 1633 > injectedScript, line 1: ReferenceError: gtag is not defined
JavaScript error: https://www.myntra.com/tshirts/us-polo-assn/us-polo-assn-men-maroon-solid-polo-collar-t-shirt/11359698/buy line 1633 > injectedScript, line 1: ReferenceError: gtag is not defined
JavaScript error: https://www.myntra.com/tshirts/roadster/roadster-men-white-striped-polo-t-shirt/1751640/buy line 1633 > injectedScript, line 1: ReferenceError: gtag is not defined
JavaScript error: https://www.myntra.com/tshirts/moda-rapido/moda-rapido-men-rust-orange--black-printed-back-henley-neck-t-shirt/11750506/buy line 1633 > injectedScript, line 1: ReferenceError: gtag is not defined
JavaScript error: https://www.myntra.com/tshirts/allen-solly/allen-solly-men-red-solid-polo-collar-t-shirt/10976172/buy line 1633 > injectedScript, line 1: ReferenceError: gtag is not defined
JavaScript error: https://www.myntra.com/tshirts/calvin-klein-jeans/calvin-klein-jeans-men-white-slim-fit-printed-round-neck-t-shirt/10268329/buy line 1633 > injectedScript, line 1: ReferenceError: gtag is not defined
JavaScript error: https://www.myntra.com/tshirts/sg/sg-men-red-solid-round-neck-t-shirt/12142950/buy line 1633 > injectedScript, line 1: ReferenceError: gtag is not defined
JavaScript error: https://constant.myntassets.com/web/assets/js/d-pdp.4a1c84c8bbbe8a6a0908.js, line 1: TypeError: t is null
JavaScript error: https://www.myntra.com/tshirts/rigo/rigo-men-blue-solid-round-neck-t-shirt/7480573/buy line 1633 > injectedScript, line 1: ReferenceError: gtag is not defined
JavaScript error: https://www.myntra.com/tshirts/allen-solly/allen-solly-men-blue-solid-polo-collar-t-shirt/10976220/buy line 1633 > injectedScript, line 1: ReferenceError: gtag is not defined
JavaScript error: https://www.myntra.com/tshirts/hrx-by-hrithik-roshan/hrx-by-hrithik-roshan-men-blue-printed-bio-wash-lifestyle-tshirts/11011956/buy line 1633 > injectedScript, line 1: ReferenceError: gtag is not defined
JavaScript error: https://www.myntra.com/tshirts/ether/ether-men-navy-blue-lightweight-stripe-print-round-neck-t-shirt/1704565/buy line 1633 > injectedScript, line 1: ReferenceError: gtag is not defined
JavaScript error: https://www.myntra.com/tshirts/roadster/roadster-men-grey-melange-solid-polo-collar-t-shirt/2483671/buy line 1633 > injectedScript, line 1: ReferenceError: gtag is not defined
JavaScript error: https://www.myntra.com/tshirts/calvin-klein-jeans/calvin-klein-jeans-men-white-embroidered-round-neck-t-shirt/10267669/buy line 1633 > injectedScript, line 1: ReferenceError: gtag is not defined
JavaScript error: https://www.myntra.com/tshirts/mr-bowerbird/mr-bowerbird-men-black-solid-tailored-fit-polo-collar-t-shirt/11148774/buy line 1633 > injectedScript, line 1: ReferenceError: gtag is not defined
JavaScript error: https://www.myntra.com/tshirts/moda-rapido/moda-rapido-men-charcoal-grey--black-colourblocked-polo-collar-t-shirt/8401791/buy line 1633 > injectedScript, line 1: ReferenceError: gtag is not defined
JavaScript error: https://www.myntra.com/tshirts/roadster/roadster-men-navy--blue-melange-colourblocked-round-neck-t-shirt/1295511/buy line 1633 > injectedScript, line 1: ReferenceError: gtag is not defined
JavaScript error: https://www.myntra.com/tshirts/calvin-klein-jeans/calvin-klein-jeans-men-yellow-solid-round-neck-t-shirt-with-printed-detail/11370524/buy line 1633 > injectedScript, line 1: ReferenceError: gtag is not defined
JavaScript error: https://www.myntra.com/tshirts/sg/sg-men-blue-printed-round-neck-t-shirt/12142962/buy line 1633 > injectedScript, line 1: ReferenceError: gtag is not defined
JavaScript error: https://www.myntra.com/tshirts/roadster/roadster-men-charcoal-melange-printed-round-neck-t-shirt/1072681/buy line 1633 > injectedScript, line 1: ReferenceError: gtag is not defined
JavaScript error: https://www.myntra.com/tshirts/hrx-by-hrithik-roshan/hrx-by-hrithik-roshan-men-black-solid-high-neck-t-shirt/2314451/buy line 1633 > injectedScript, line 1: ReferenceError: gtag is not defined
JavaScript error: https://constant.myntassets.com/web/assets/js/d-pdp.4a1c84c8bbbe8a6a0908.js, line 1: TypeError: t is null
JavaScript error: https://www.myntra.com/tshirts/kook-n-keech-marvel/kook-n-keech-marvel-men-white-printed-captain-america-round-neck-t-shirt/8972445/buy line 1633 > injectedScript, line 1: ReferenceError: gtag is not defined
JavaScript error: https://www.myntra.com/tshirts/wrogn/wrogn-men-black-printed-round-neck-t-shirt/12040030/buy line 1633 > injectedScript, line 1: ReferenceError: gtag is not defined
JavaScript error: https://www.myntra.com/tshirts/roadster/roadster-men-black--charcoal-grey-printed-round-neck-t-shirt/9972789/buy line 1633 > injectedScript, line 1: ReferenceError: gtag is not defined
JavaScript error: https://www.myntra.com/tshirts/proline/proline-men-black-solid-polo-collar-t-shirt/11938352/buy line 1633 > injectedScript, line 1: ReferenceError: gtag is not defined
JavaScript error: https://www.myntra.com/tshirts/calvin-klein-jeans/calvin-klein-jeans-men-yellow-solid-round-neck-t-shirt-with-embroidered-detail/11370618/buy line 1633 > injectedScript, line 1: ReferenceError: gtag is not defined
JavaScript error: https://www.myntra.com/tshirts/hrx-by-hrithik-roshan/hrx-by-hrithik-roshan-men-white-solid-round-neck-t-shirt/6555071/buy line 1633 > injectedScript, line 1: ReferenceError: gtag is not defined
JavaScript error: https://www.myntra.com/tshirts/fido-dido/fido-dido-men-blue-solid-slim-fit-polo-collar-t-shirt/11147904/buy line 1633 > injectedScript, line 1: ReferenceError: gtag is not defined
JavaScript error: https://www.myntra.com/tshirts/veirdo/veirdo-men-olive-green--black-camouflage-printed-round-neck-t-shirt/11925908/buy line 1633 > injectedScript, line 1: ReferenceError: gtag is not defined
JavaScript error: https://www.myntra.com/tshirts/roadster/roadster-men-black-solid-round-neck-t-shirt/9793511/buy line 1633 > injectedScript, line 1: ReferenceError: gtag is not defined
JavaScript error: https://www.myntra.com/tshirts/hrx-by-hrithik-roshan/hrx-by-hrithik-roshan-men-charcoal-grey-slim-advanced-rapid-dry-raglan-t-shirt/2314372/buy line 1633 > injectedScript, line 1: ReferenceError: gtag is not defined
JavaScript error: https://www.myntra.com/tshirts/proline-active/proline-active-men-olive-green-solid-round-neck-everfresh-t-shirt/11466452/buy line 1633 > injectedScript, line 1: ReferenceError: gtag is not defined
JavaScript error: https://www.myntra.com/tshirts/nautica/nautica-men-blue-solid-polo-collar-t-shirt/11630414/buy line 1633 > injectedScript, line 1: ReferenceError: gtag is not defined
JavaScript error: https://www.myntra.com/tshirts/ether/ether-men-off-white-solid-round-neck-t-shirt-with-printed-detailing/11760516/buy line 1633 > injectedScript, line 1: ReferenceError: gtag is not defined
JavaScript error: https://www.myntra.com/tshirts/herenow/herenow-men-teal-blue-solid-polo-t-shirt/1964370/buy line 1633 > injectedScript, line 1: ReferenceError: gtag is not defined
JavaScript error: https://www.myntra.com/tshirts/roadster/roadster-men-charcoal-grey--maroon-striped-polo-t-shirt/1396023/buy line 1633 > injectedScript, line 1: ReferenceError: gtag is not defined
JavaScript error: https://www.myntra.com/tshirts/bullmer/bullmer-men-pack-of-3-printed-round-neck-t-shirts/11934782/buy line 1633 > injectedScript, line 1: ReferenceError: gtag is not defined
JavaScript error: https://www.myntra.com/tshirts/hrx-by-hrithik-roshan/hrx-by-hrithik-roshan-men-black-printed-bio-wash-yoga-t-shirts/11999488/buy line 1633 > injectedScript, line 1: ReferenceError: gtag is not defined
JavaScript error: https://www.myntra.com/tshirts/huetrap/huetrap-men-yellow--green-printed-round-neck-t-shirt/2352649/buy line 1633 > injectedScript, line 1: ReferenceError: gtag is not defined
JavaScript error: https://www.myntra.com/tshirts/hrx-by-hrithik-roshan/hrx-by-hrithik-roshan-men-black-solid-printed-lifestyle-t-shirt/11930110/buy line 1633 > injectedScript, line 1: ReferenceError: gtag is not defined
JavaScript error: https://www.myntra.com/tshirts/roadster/roadster-men-grey-melange-all-over-printed-t-shirt/1997244/buy line 1633 > injectedScript, line 1: ReferenceError: gtag is not defined
JavaScript error: https://www.myntra.com/tshirts/gant/gant-men-yellow-solid-polo-collar-t-shirt/12012340/buy line 1633 > injectedScript, line 1: ReferenceError: gtag is not defined
JavaScript error: https://www.myntra.com/tshirts/hrx-by-hrithik-roshan/hrx-by-hrithik-roshan-men-olive-green-printed-round-neck-bio-wash-running-t-shirt/11999566/buy line 1633 > injectedScript, line 1: ReferenceError: gtag is not defined
JavaScript error: https://www.myntra.com/tshirts/roadster/roadster-men-grey-melange-solid-round-neck-t-shirt/11306992/buy line 1633 > injectedScript, line 1: ReferenceError: gtag is not defined
JavaScript error: https://www.myntra.com/tshirts/hrx-by-hrithik-roshan/hrx-by-hrithik-roshan-men-olive-green-and-orange-printed-round-neck-t-shirt/11999618/buy line 1633 > injectedScript, line 1: ReferenceError: gtag is not defined
JavaScript error: https://www.myntra.com/tshirts/difference-of-opinion/difference-of-opinion-men-sea-green-solid-round-neck-t-shirt/11077774/buy line 1633 > injectedScript, line 1: ReferenceError: gtag is not defined
JavaScript error: https://www.myntra.com/tshirts/fido-dido/fido-dido-men-mustard-printed-polo-collar-t-shirt/2476463/buy line 1633 > injectedScript, line 1: ReferenceError: gtag is not defined
JavaScript error: https://www.myntra.com/tshirts/roadster/roadster-men-white-brush-printed-round-neck-t-shirt/1824369/buy line 1633 > injectedScript, line 1: ReferenceError: gtag is not defined
JavaScript error: https://www.myntra.com/tshirts/calvin-klein-jeans/calvin-klein-jeans-men-slim-fit-navy-blue-solid-polo-collar-t-shirt/11370182/buy line 1633 > injectedScript, line 1: ReferenceError: gtag is not defined
JavaScript error: https://www.myntra.com/tshirts/hrx-by-hrithik-roshan/hrx-by-hrithik-roshan-men-burgundy-printed-round-neck-t-shirt/11930124/buy line 1633 > injectedScript, line 1: ReferenceError: gtag is not defined
JavaScript error: https://www.myntra.com/tshirts/dillinger/dillinger-men-navy-blue-colourblocked-round-neck-t-shirt/7228316/buy line 1633 > injectedScript, line 1: ReferenceError: gtag is not defined
JavaScript error: https://www.myntra.com/tshirts/roadster/roadster-men-charcoal-grey--black-solid-racerback-t-shirt/11545302/buy line 1633 > injectedScript, line 1: ReferenceError: gtag is not defined
JavaScript error: https://www.myntra.com/tshirts/maniac/maniac-men-olive-green-colourblocked-hooded-slim-fit-t-shirt/11332296/buy line 1633 > injectedScript, line 1: ReferenceError: gtag is not defined
JavaScript error: https://www.myntra.com/tshirts/roadster/roadster-men-teal-blue--black-striped-polo-collar-t-shirt/10424634/buy line 1633 > injectedScript, line 1: ReferenceError: gtag is not defined
JavaScript error: https://www.myntra.com/tshirts/ether/ether-men-rust-red--white-printed-round-neck-t-shirt/11760580/buy line 1633 > injectedScript, line 1: ReferenceError: gtag is not defined
JavaScript error: https://www.myntra.com/tshirts/timberland/timberland-men-black--blue-af-shoe-graphic-print-round-neck-t-shirt/10327615/buy line 1633 > injectedScript, line 1: ReferenceError: gtag is not defined
JavaScript error: https://www.myntra.com/tshirts/wrogn/wrogn-men-mustard-yellow--green-colourblocked-slim-fit-round-neck-t-shirt/11364038/buy line 1633 > injectedScript, line 1: ReferenceError: gtag is not defined
JavaScript error: https://www.myntra.com/tshirts/sztori/sztori-men-peach-coloured-solid-polo-collar-t-shirt/11896458/buy line 1633 > injectedScript, line 1: ReferenceError: gtag is not defined
JavaScript error: https://www.myntra.com/tshirts/french-connection/french-connection-men-teal-green-slim-fit-solid-polo-collar-t-shirt/10764706/buy line 1633 > injectedScript, line 1: ReferenceError: gtag is not defined
JavaScript error: https://www.myntra.com/tshirts/huetrap/huetrap-men-white-printed-round-neck-t-shirt/1967371/buy line 1633 > injectedScript, line 1: ReferenceError: gtag is not defined
JavaScript error: https://www.myntra.com/tshirts/roadster/roadster-men-pack-of-2-round-neck-t-shirts/1714645/buy line 1633 > injectedScript, line 1: ReferenceError: gtag is not defined
JavaScript error: https://www.myntra.com/tshirts/kook-n-keech/kook-n-keech-men-black--blue-brand-logo-printed-round-neck-t-shirt/11241842/buy line 1633 > injectedScript, line 1: ReferenceError: gtag is not defined
JavaScript error: https://www.myntra.com/tshirts/superdry/superdry-men-grey-melange-printed-round-neck-t-shirt/9375981/buy line 1633 > injectedScript, line 1: ReferenceError: gtag is not defined
JavaScript error: https://constant.myntassets.com/web/assets/js/d-pdp.4a1c84c8bbbe8a6a0908.js, line 1: TypeError: t is null
JavaScript error: https://www.myntra.com/tshirts/wrogn/wrogn-men-navy-blue-solid-slim-fit-polo-t-shirt/10410506/buy line 1633 > injectedScript, line 1: ReferenceError: gtag is not defined
JavaScript error: resource://gre/actors/PictureInPictureChild.jsm, line 114: InvalidStateError: An attempt was made to use an object that is not, or is no longer, usable
JavaScript error: resource://gre/actors/PictureInPictureChild.jsm, line 114: InvalidStateError: An attempt was made to use an object that is not, or is no longer, usable
JavaScript error: https://www.myntra.com/tshirts/roadster/roadster-men-navy-blue--black-printed-round-neck-t-shirt/10424696/buy line 1633 > injectedScript, line 1: ReferenceError: gtag is not defined
JavaScript error: https://www.myntra.com/tshirts/hm/-hm-men-black-printed-vest-t-shirt-with-a-motif/12128192/buy line 1633 > injectedScript, line 1: ReferenceError: gtag is not defined
JavaScript error: https://www.myntra.com/tshirts/hrx-by-hrithik-roshan/hrx-by-hrithik-roshan-men-blue-typography-printed-bio-wash-lifestyle-round-neck-t-shirt/11999468/buy line 1633 > injectedScript, line 1: ReferenceError: gtag is not defined
JavaScript error: https://www.myntra.com/tshirts/denizen-from-levis/denizen-from-levis-men-blue-printed-round-neck-t-shirt/11228802/buy line 1633 > injectedScript, line 1: ReferenceError: gtag is not defined
JavaScript error: https://www.myntra.com/tshirts/roadster/roadster-men-brown-solid-scoop-neck-t-shirt/11632476/buy line 1633 > injectedScript, line 1: ReferenceError: gtag is not defined
JavaScript error: https://www.myntra.com/tshirts/rare-rabbit/rare-rabbit-men-navy-blue-printed-round-neck-t-shirt/12097406/buy line 1633 > injectedScript, line 1: ReferenceError: gtag is not defined
JavaScript error: https://www.myntra.com/tshirts/wrogn/wrogn-men-navy-blue-printed-polo-collar-t-shirt/10410532/buy line 1633 > injectedScript, line 1: ReferenceError: gtag is not defined
JavaScript error: resource://gre/actors/PictureInPictureChild.jsm, line 114: InvalidStateError: An attempt was made to use an object that is not, or is no longer, usable
JavaScript error: https://www.myntra.com/tshirts/superdry/superdry-men-navy-blue-printed-round-neck-triple-star-tapped-oversized-t-shirt/8802025/buy line 1633 > injectedScript, line 1: ReferenceError: gtag is not defined
JavaScript error: https://www.myntra.com/tshirts/roadster/roadster-men-mustard-yellow--white-printed-round-neck-t-shirt/12013482/buy line 1633 > injectedScript, line 1: ReferenceError: gtag is not defined
JavaScript error: resource://gre/actors/PictureInPictureChild.jsm, line 114: InvalidStateError: An attempt was made to use an object that is not, or is no longer, usable
JavaScript error: https://www.myntra.com/tshirts/highlander/highlander-men-maroon-solid-henley-neck-t-shirt/1847923/buy line 1633 > injectedScript, line 1: ReferenceError: gtag is not defined
JavaScript error: https://www.myntra.com/tshirts/herenow/herenow-men-mustard-yellow--navy-colourblocked-t-shirt/2427598/buy line 1633 > injectedScript, line 1: ReferenceError: gtag is not defined
JavaScript error: https://www.myntra.com/tshirts/hrx-by-hrithik-roshan/hrx-by-hrithik-roshan-men-white-solid-typography-bio-wash-lifestyle-t-shirt/11918054/buy line 1633 > injectedScript, line 1: ReferenceError: gtag is not defined
JavaScript error: https://www.myntra.com/tshirts/calvin-klein-jeans/calvin-klein-jeans-men-black-slim-fit-printed-round-neck-t-shirt/11370462/buy line 1633 > injectedScript, line 1: ReferenceError: gtag is not defined
JavaScript error: https://www.myntra.com/tshirts/difference-of-opinion/difference-of-opinion-men-maroon--navy-blue-colourblocked-round-neck-t-shirt/7337386/buy line 1633 > injectedScript, line 1: ReferenceError: gtag is not defined
JavaScript error: https://www.myntra.com/tshirts/roadster/roadster-men-olive-solid-henley-neck-t-shirt/10424668/buy line 1633 > injectedScript, line 1: ReferenceError: gtag is not defined
JavaScript error: https://www.myntra.com/tshirts/american-crew/american-crew-men-navy-blue-solid-polo-collar-t-shirt/12029486/buy line 1633 > injectedScript, line 1: ReferenceError: gtag is not defined
JavaScript error: https://www.myntra.com/tshirts/superdry/superdry-men-grey-melange-printed-polo-collar-t-shirt/9375593/buy line 1633 > injectedScript, line 1: ReferenceError: gtag is not defined
JavaScript error: https://www.myntra.com/tshirts/beverly-hills-polo-club/beverly-hills-polo-club-men-green-solid-polo-collar-t-shirt/12119226/buy line 1633 > injectedScript, line 1: ReferenceError: gtag is not defined
JavaScript error: https://www.myntra.com/tshirts/roadster/roadster-men-grey-melange-varsity-graphic-t-shirt/8938267/buy line 1633 > injectedScript, line 1: ReferenceError: gtag is not defined
JavaScript error: https://www.myntra.com/tshirts/sg/sg-men-orange-printed-round-neck-t-shirt/12143012/buy line 1633 > injectedScript, line 1: ReferenceError: gtag is not defined
JavaScript error: https://www.myntra.com/tshirts/superdry/superdry-men-white-printed-superdry-sport-t-shirt/10724716/buy line 1633 > injectedScript, line 1: ReferenceError: gtag is not defined
JavaScript error: https://www.myntra.com/tshirts/roadster/roadster-men-navy-blue-solid-round-neck-t-shirt/10941314/buy line 1633 > injectedScript, line 1: ReferenceError: gtag is not defined
JavaScript error: https://www.myntra.com/tshirts/indian-terrain/indian-terrain-men-rust-orange-printed-polo-collar-t-shirt/11342910/buy line 1633 > injectedScript, line 1: ReferenceError: gtag is not defined
1597303126848	Marionette	INFO	Stopped listening on port 40379

###!!! [Parent][RunMessage] Error: Channel closing: too late to send/recv, messages will be lost

