1597491940873	mozrunner::runner	INFO	Running command: "/usr/bin/firefox" "-marionette" "-private" "-foreground" "-no-remote" "-profile" "/tmp/rust_mozprofilewQuhSp"
console.error: SearchCache: "_readCacheFile: Error reading cache file:" (new Error("", "(unknown module)"))
JavaScript error: resource://gre/modules/XULStore.jsm, line 66: Error: Can't find profile directory.
1597491945590	Marionette	INFO	Listening on port 35943
1597491945722	Marionette	WARN	TLS certificate errors will be ignored for this session
JavaScript error: https://www.myntra.com/tshirts/hrx-by-hrithik-roshan/hrx-by-hrithik-roshan-men-yellow-printed-round-neck-t-shirt/1700944/buy line 1635 > injectedScript, line 1: ReferenceError: gtag is not defined
JavaScript error: https://www.myntra.com/tshirts/roadster/roadster-men-grey-melange-all-over-printed-t-shirt/1997244/buy line 1635 > injectedScript, line 1: ReferenceError: gtag is not defined
JavaScript error: https://www.myntra.com/lounge-tshirts/hm/hm-men-green-solid-long-t-shirt/10360683/buy line 1635 > injectedScript, line 1: ReferenceError: gtag is not defined
JavaScript error: https://www.myntra.com/tshirts/gant/gant-men-grey-striped-polo-collar-t-shirt/12014112/buy line 1635 > injectedScript, line 1: ReferenceError: gtag is not defined
JavaScript error: https://www.myntra.com/tshirts/kook-n-keech-marvel/kook-n-keech-marvel-men-black-iron-man-printed-round-neck-t-shirt/11241802/buy line 1635 > injectedScript, line 1: ReferenceError: gtag is not defined
JavaScript error: https://www.myntra.com/tshirts/roadster/roadster-men-olive-green-camouflage-round-neck-t-shirt/1830401/buy line 1635 > injectedScript, line 1: ReferenceError: gtag is not defined
JavaScript error: https://www.myntra.com/tshirts/herenow/herenow-men-teal-blue-solid-polo-t-shirt/1964370/buy line 1635 > injectedScript, line 1: ReferenceError: gtag is not defined
JavaScript error: https://www.myntra.com/tshirts/hrx-by-hrithik-roshan/hrx-by-hrithik-roshan-men-charcoal-grey-slim-advanced-rapid-dry-raglan-t-shirt/2314372/buy line 1635 > injectedScript, line 1: ReferenceError: gtag is not defined
JavaScript error: https://www.myntra.com/tshirts/hm/hm-men-pink-solid-cotton-polo-t-shirt/12202304/buy line 1635 > injectedScript, line 1: ReferenceError: gtag is not defined
JavaScript error: https://www.myntra.com/tshirts/roadster/roadster-men-maroon-and-grey-printed-polo-collar-t-shirt/10424688/buy line 1635 > injectedScript, line 1: ReferenceError: gtag is not defined
JavaScript error: https://www.myntra.com/tshirts/hm/-hm-men-green-solid-round-neck-t-shirt-regular-fit/12084034/buy line 1635 > injectedScript, line 1: ReferenceError: gtag is not defined
JavaScript error: https://www.myntra.com/tshirts/us-polo-assn/us-polo-assn-men-maroon-solid-polo-collar-t-shirt/11359698/buy line 1635 > injectedScript, line 1: ReferenceError: gtag is not defined
JavaScript error: https://www.myntra.com/tshirts/nautica/nautica-men-white--navy-blue-colourblocked-polo-collar-t-shirt/11630318/buy line 1635 > injectedScript, line 1: ReferenceError: gtag is not defined
JavaScript error: https://www.myntra.com/tshirts/hrx-by-hrithik-roshan/hrx-by-hrithik-roshan-men-off-white-printed-round-neck-bio-wash-yoga-t-shirt/11999546/buy line 1635 > injectedScript, line 1: ReferenceError: gtag is not defined
JavaScript error: https://www.myntra.com/tshirts/gant/gant-men-green-solid-polo-collar-t-shirt/8687769/buy line 1635 > injectedScript, line 1: ReferenceError: gtag is not defined
JavaScript error: https://www.myntra.com/tshirts/sg/sg-men-fluorescent-green-printed-round-neck-t-shirt/12143098/buy line 1635 > injectedScript, line 1: ReferenceError: gtag is not defined
JavaScript error: https://www.myntra.com/lounge-tshirts/hm/hm-men-black-solid-long-t-shirt/10359989/buy line 1635 > injectedScript, line 1: ReferenceError: gtag is not defined
JavaScript error: https://www.myntra.com/tshirts/ether/ether-men-navy-blue-lightweight-stripe-print-round-neck-t-shirt/1704565/buy line 1635 > injectedScript, line 1: ReferenceError: gtag is not defined
JavaScript error: https://www.myntra.com/tshirts/herenow/herenow-men-mustard-yellow--navy-colourblocked-t-shirt/2427598/buy line 1635 > injectedScript, line 1: ReferenceError: gtag is not defined
JavaScript error: https://www.myntra.com/tshirts/roadster/roadster-men-grey-melange-solid-round-neck-t-shirt/11306990/buy line 1635 > injectedScript, line 1: ReferenceError: gtag is not defined
JavaScript error: https://www.myntra.com/tshirts/beverly-hills-polo-club/beverly-hills-polo-club-men-navy-blue--red-colourblocked-polo-collar-t-shirt/12150196/buy line 1635 > injectedScript, line 1: ReferenceError: gtag is not defined
JavaScript error: https://www.myntra.com/tshirts/nike/nike-men-black-solid-acdmy-dti-fit-round-neck-football-t-shirt/11851754/buy line 1635 > injectedScript, line 1: ReferenceError: gtag is not defined
JavaScript error: https://www.myntra.com/tshirts/kook-n-keech-marvel/kook-n-keech-marvel-men-white-printed-captain-america-round-neck-t-shirt/8972445/buy line 1635 > injectedScript, line 1: ReferenceError: gtag is not defined
JavaScript error: https://www.myntra.com/tshirts/gant/gant-men-blue-printed-polo-collar-t-shirt/11950320/buy line 1635 > injectedScript, line 1: ReferenceError: gtag is not defined
JavaScript error: https://www.myntra.com/tshirts/veirdo/veirdo-men-black--pink-printed-round-neck-t-shirt/11925942/buy line 1635 > injectedScript, line 1: ReferenceError: gtag is not defined
JavaScript error: https://www.myntra.com/tshirts/wrogn/wrogn-men-black--charcoal-grey-slim-fit-colourblocked-round-neck-t-shirt/9768159/buy line 1635 > injectedScript, line 1: ReferenceError: gtag is not defined
JavaScript error: https://www.myntra.com/tshirts/hrx-by-hrithik-roshan/hrx-by-hrithik-roshan-men-white-solid-round-neck-t-shirt/6555071/buy line 1635 > injectedScript, line 1: ReferenceError: gtag is not defined
JavaScript error: https://www.myntra.com/tshirts/beverly-hills-polo-club/beverly-hills-polo-club-men-white-solid-polo-collar-t-shirt/12119200/buy line 1635 > injectedScript, line 1: ReferenceError: gtag is not defined
JavaScript error: https://www.myntra.com/tshirts/ether/ether-black-henley-t-shirt/1032026/buy line 1635 > injectedScript, line 1: ReferenceError: gtag is not defined
JavaScript error: https://www.myntra.com/tshirts/roadster/roadster-men-blue-printed-round-neck-t-shirt/2275305/buy line 1635 > injectedScript, line 1: ReferenceError: gtag is not defined
JavaScript error: https://www.myntra.com/tshirts/nautica/nautica-men-blue-solid-polo-collar-t-shirt/11630414/buy line 1635 > injectedScript, line 1: ReferenceError: gtag is not defined
JavaScript error: https://www.myntra.com/tshirts/puma/puma-men-black-printed-logo-split-round-neck-t-shirt/10879308/buy line 1635 > injectedScript, line 1: ReferenceError: gtag is not defined
JavaScript error: https://www.myntra.com/tshirts/bushirt/bushirt-men-mustard-yellow--black-printed-hooded-t-shirt/12207732/buy line 1635 > injectedScript, line 1: ReferenceError: gtag is not defined
JavaScript error: https://www.myntra.com/tshirts/campus-sutra/campus-sutra-men-blue-colourblocked-round-neck-t-shirt/10016983/buy line 1635 > injectedScript, line 1: ReferenceError: gtag is not defined
JavaScript error: https://www.myntra.com/tshirts/roadster/roadster-men-black-solid-round-neck-t-shirt/9793511/buy line 1635 > injectedScript, line 1: ReferenceError: gtag is not defined
JavaScript error: https://www.myntra.com/tshirts/beverly-hills-polo-club/beverly-hills-polo-club-men-navy-blue--grey--colourblocked-polo-collar-t-shirt/12119162/buy line 1635 > injectedScript, line 1: ReferenceError: gtag is not defined
JavaScript error: https://www.myntra.com/tshirts/herenow/herenow-men-teal-blue-solid-polo-collar-t-shirt/7546902/buy line 1635 > injectedScript, line 1: ReferenceError: gtag is not defined
JavaScript error: https://www.myntra.com/tshirts/fido-dido/fido-dido-men-mustard-printed-polo-collar-t-shirt/2476463/buy line 1635 > injectedScript, line 1: ReferenceError: gtag is not defined
JavaScript error: https://www.myntra.com/tshirts/superdry/superdry-men-pink-solid-polo-collar-t-shirt/9375719/buy line 1635 > injectedScript, line 1: ReferenceError: gtag is not defined
JavaScript error: https://www.myntra.com/tshirts/rare-rabbit/rare-rabbit-men-mustard-yellow-solid-polo-collar-t-shirt/12097414/buy line 1635 > injectedScript, line 1: ReferenceError: gtag is not defined
JavaScript error: https://www.myntra.com/tshirts/ether/ether-men-maroon-solid-round-neck-t-shirt/11760678/buy line 1635 > injectedScript, line 1: ReferenceError: gtag is not defined
JavaScript error: https://www.myntra.com/tshirts/roadster/roadster-men-navy--blue-melange-colourblocked-round-neck-t-shirt/1295511/buy line 1635 > injectedScript, line 1: ReferenceError: gtag is not defined
JavaScript error: https://www.myntra.com/tshirts/fido-dido/fido-dido-men-pink-solid-polo-collar-slim-fit-t-shirt/2471500/buy line 1635 > injectedScript, line 1: ReferenceError: gtag is not defined
JavaScript error: https://www.myntra.com/tshirts/wrogn/wrogn-men-charcoal-grey--white-colourblocked-slim-fit-round-neck-t-shirt/11364008/buy line 1635 > injectedScript, line 1: ReferenceError: gtag is not defined
JavaScript error: https://www.myntra.com/tshirts/roadster/roadster-men-grey-dyed-round-neck-t-shirt-with-printed-detailing/10939284/buy line 1635 > injectedScript, line 1: ReferenceError: gtag is not defined
JavaScript error: https://www.myntra.com/tshirts/herenow/herenow-men-teal-blue-printed-round-neck-t-shirt/5508761/buy line 1635 > injectedScript, line 1: ReferenceError: gtag is not defined
1597492106658	Marionette	INFO	Stopped listening on port 35943
ExceptionHandler::WaitForContinueSignal waiting for continue signal...
ExceptionHandler::GenerateDump cloned child 19552
ExceptionHandler::SendContinueSignalToChild sent continue signal to child
1597495263552	mozrunner::runner	INFO	Running command: "/usr/bin/firefox" "-marionette" "-private" "-foreground" "-no-remote" "-profile" "/tmp/rust_mozprofileY3Znnw"
console.error: SearchCache: "_readCacheFile: Error reading cache file:" (new Error("", "(unknown module)"))
JavaScript error: resource://gre/modules/XULStore.jsm, line 66: Error: Can't find profile directory.
1597495266651	Marionette	INFO	Listening on port 36239
1597495266751	Marionette	WARN	TLS certificate errors will be ignored for this session
JavaScript error: https://www.myntra.com/tshirts/hrx-by-hrithik-roshan/hrx-by-hrithik-roshan-men-yellow-printed-round-neck-t-shirt/1700944/buy line 1635 > injectedScript, line 1: ReferenceError: gtag is not defined
JavaScript error: https://www.myntra.com/tshirts/fido-dido/fido-dido-men-mustard-printed-polo-collar-t-shirt/2476463/buy line 1635 > injectedScript, line 1: ReferenceError: gtag is not defined
JavaScript error: https://www.myntra.com/tshirts/gant/gant-men-pink-solid-polo-collar-t-shirt/12148918/buy line 1635 > injectedScript, line 1: ReferenceError: gtag is not defined
JavaScript error: https://www.myntra.com/tshirts/wrogn/wrogn-men-navy-blue-printed-slim-fit-round-neck-t-shirt/12040010/buy line 1635 > injectedScript, line 1: ReferenceError: gtag is not defined
JavaScript error: https://www.myntra.com/tshirts/herenow/herenow-men-teal-blue-solid-polo-collar-t-shirt/7546902/buy line 1635 > injectedScript, line 1: ReferenceError: gtag is not defined
JavaScript error: https://www.myntra.com/tshirts/difference-of-opinion/difference-of-opinion-men-sea-green-solid-round-neck-t-shirt/11077774/buy line 1635 > injectedScript, line 1: ReferenceError: gtag is not defined
JavaScript error: https://www.myntra.com/tshirts/fido-dido/fido-dido-men-pink-solid-polo-collar-slim-fit-t-shirt/2471500/buy line 1635 > injectedScript, line 1: ReferenceError: gtag is not defined
JavaScript error: https://www.myntra.com/tshirts/sztori/sztori-men-yellow-solid-polo-collar-t-shirt/11896500/buy line 1635 > injectedScript, line 1: ReferenceError: gtag is not defined
JavaScript error: https://www.myntra.com/tshirts/roadster/roadster-men-navy--blue-melange-colourblocked-round-neck-t-shirt/1295511/buy line 1635 > injectedScript, line 1: ReferenceError: gtag is not defined
JavaScript error: https://www.myntra.com/tshirts/us-polo-assn/us-polo-assn-men-maroon-solid-polo-collar-t-shirt/11359698/buy line 1635 > injectedScript, line 1: ReferenceError: gtag is not defined
JavaScript error: https://www.myntra.com/tshirts/gant/gant-men-navy-blue-solid-polo-collar-t-shirt/11948468/buy line 1635 > injectedScript, line 1: ReferenceError: gtag is not defined
JavaScript error: https://www.myntra.com/tshirts/veirdo/veirdo-men-olive-green--black-camouflage-printed-round-neck-t-shirt/11925908/buy line 1635 > injectedScript, line 1: ReferenceError: gtag is not defined
JavaScript error: https://www.myntra.com/tshirts/roadster/roadster-men-grey-melange-all-over-printed-t-shirt/1997244/buy line 1635 > injectedScript, line 1: ReferenceError: gtag is not defined
JavaScript error: https://www.myntra.com/tshirts/herenow/herenow-men-teal-blue-solid-polo-t-shirt/1964370/buy line 1635 > injectedScript, line 1: ReferenceError: gtag is not defined
JavaScript error: https://www.myntra.com/tshirts/herenow/herenow-men-mustard-yellow--black-colourblocked-polo-collar-t-shirt/7546887/buy line 1635 > injectedScript, line 1: ReferenceError: gtag is not defined
JavaScript error: https://www.myntra.com/tshirts/dillinger/dillinger-men-rust-solid-round-neck-t-shirt/7228322/buy line 1635 > injectedScript, line 1: ReferenceError: gtag is not defined
JavaScript error: https://www.myntra.com/tshirts/superdry/superdry-men-red-solid-polo-collar-t-shirt/9375383/buy line 1635 > injectedScript, line 1: ReferenceError: gtag is not defined
JavaScript error: resource://gre/actors/PictureInPictureChild.jsm, line 114: InvalidStateError: An attempt was made to use an object that is not, or is no longer, usable
JavaScript error: https://www.myntra.com/tshirts/sg/sg-men-grey-solid-round-neck-sleeveless-t-shirt/12143000/buy line 1635 > injectedScript, line 1: ReferenceError: gtag is not defined
JavaScript error: https://www.myntra.com/tshirts/jack--jones/jack--jones-men-black-printed-slim-fit-round-neck-t-shirt/11206986/buy line 1635 > injectedScript, line 1: ReferenceError: gtag is not defined
JavaScript error: https://www.myntra.com/tshirts/moda-rapido/moda-rapido-men-white--navy-blue-striped-polo-collar-t-shirt/2378392/buy line 1635 > injectedScript, line 1: ReferenceError: gtag is not defined
JavaScript error: https://www.myntra.com/tshirts/hrx-by-hrithik-roshan/hrx-by-hrithik-roshan-men-black-solid-rapid-dry-running-t-shirt/10565566/buy line 1635 > injectedScript, line 1: ReferenceError: gtag is not defined
JavaScript error: https://www.myntra.com/tshirts/proteens/proteens-men-grey-printed-round-neck-t-shirt/12098134/buy line 1635 > injectedScript, line 1: ReferenceError: gtag is not defined
JavaScript error: https://www.myntra.com/tshirts/nike/nike-men-black-solid-acdmy-dti-fit-round-neck-football-t-shirt/11851754/buy line 1635 > injectedScript, line 1: ReferenceError: gtag is not defined
JavaScript error: https://www.myntra.com/tshirts/nautica/nautica-men-white--blue-printed-round-neck-t-shirt/11630360/buy line 1635 > injectedScript, line 1: ReferenceError: gtag is not defined
JavaScript error: https://www.myntra.com/tshirts/american-crew/american-crew-men-white-solid-v-neck-t-shirt/12029446/buy line 1635 > injectedScript, line 1: ReferenceError: gtag is not defined
JavaScript error: https://www.myntra.com/tshirts/roadster/roadster-men-charcoal-grey-printed-round-neck-t-shirt/11537070/buy line 1635 > injectedScript, line 1: ReferenceError: gtag is not defined
JavaScript error: https://www.myntra.com/lounge-tshirts/hm/hm-men-black-solid-long-t-shirt/10359989/buy line 1635 > injectedScript, line 1: ReferenceError: gtag is not defined
JavaScript error: https://www.myntra.com/tshirts/wrogn/wrogn-off-white--green-lightweight-printed-t-shirt/1729573/buy line 1635 > injectedScript, line 1: ReferenceError: gtag is not defined
JavaScript error: https://www.myntra.com/tshirts/campus-sutra/campus-sutra-men-grey-printed-round-neck-t-shirt/10017085/buy line 1635 > injectedScript, line 1: ReferenceError: gtag is not defined
JavaScript error: https://www.myntra.com/tshirts/herenow/herenow-men-black-printed-round-neck-t-shirt/12062094/buy line 1635 > injectedScript, line 1: ReferenceError: gtag is not defined
JavaScript error: https://www.myntra.com/tshirts/roadster/roadster-men-navy--maroon-striped-polo-t-shirt/1342305/buy line 1635 > injectedScript, line 1: ReferenceError: gtag is not defined
JavaScript error: resource://gre/actors/PictureInPictureChild.jsm, line 114: InvalidStateError: An attempt was made to use an object that is not, or is no longer, usable
JavaScript error: resource://gre/actors/PictureInPictureChild.jsm, line 114: InvalidStateError: An attempt was made to use an object that is not, or is no longer, usable
JavaScript error: https://www.myntra.com/tshirts/kook-n-keech-marvel/kook-n-keech-marvel-men-maroon-printed-round-neck-t-shirt/1695789/buy line 1635 > injectedScript, line 1: ReferenceError: gtag is not defined
JavaScript error: https://www.myntra.com/tshirts/scotch--soda/scotch--soda-men-grey--navy-blue-striped-round-neck-t-shirt/8329177/buy line 1635 > injectedScript, line 1: ReferenceError: gtag is not defined
JavaScript error: https://www.myntra.com/tshirts/hrx-by-hrithik-roshan/hrx-by-hrithik-roshan-men-olive-green-printed-round-neck-bio-wash-running-t-shirt/11999606/buy line 1635 > injectedScript, line 1: ReferenceError: gtag is not defined
JavaScript error: https://www.myntra.com/lounge-tshirts/hm/hm-men-green-solid-long-t-shirt/10360683/buy line 1635 > injectedScript, line 1: ReferenceError: gtag is not defined
JavaScript error: https://www.myntra.com/tshirts/roadster/roadster-men-blue-solid-round-neck-t-shirt/11126660/buy line 1635 > injectedScript, line 1: ReferenceError: gtag is not defined
JavaScript error: https://www.myntra.com/tshirts/roadster/roadster-men-olive-green-solid-round-neck-t-shirt/11632500/buy line 1635 > injectedScript, line 1: ReferenceError: gtag is not defined
JavaScript error: https://www.myntra.com/tshirts/herenow/herenow-men-black-printed-round-neck-t-shirt/4318138/buy line 1635 > injectedScript, line 1: ReferenceError: gtag is not defined
JavaScript error: https://www.myntra.com/tshirts/gant/gant-men-coral-striped-polo-collar-t-shirt/12014118/buy line 1635 > injectedScript, line 1: ReferenceError: gtag is not defined
JavaScript error: https://www.myntra.com/tshirts/puma/puma-men-black-printed-logo-split-round-neck-t-shirt/10879308/buy line 1635 > injectedScript, line 1: ReferenceError: gtag is not defined
JavaScript error: https://www.myntra.com/tshirts/moda-rapido/moda-rapido-men-navy-blue--red-colourblocked-round-neck-t-shirt/12014556/buy line 1635 > injectedScript, line 1: ReferenceError: gtag is not defined
JavaScript error: https://www.myntra.com/tshirts/roadster/roadster-men-navy-blue--black-printed-round-neck-t-shirt/10424696/buy line 1635 > injectedScript, line 1: ReferenceError: gtag is not defined
JavaScript error: https://www.myntra.com/tshirts/kook-n-keech-marvel/kook-n-keech-marvel-black-captain-america-print-t-shirt/1293737/buy line 1635 > injectedScript, line 1: ReferenceError: gtag is not defined
JavaScript error: https://www.myntra.com/tshirts/beverly-hills-polo-club/beverly-hills-polo-club-men-blue-solid-polo-collar-t-shirt/12121596/buy line 1635 > injectedScript, line 1: ReferenceError: gtag is not defined
JavaScript error: https://www.myntra.com/tshirts/roadster/roadster-men-blue--mustard-yellow-striped-polo-collar-t-shirt/11537060/buy line 1635 > injectedScript, line 1: ReferenceError: gtag is not defined
JavaScript error: https://www.myntra.com/tshirts/highlander/highlander-by-rohit-sharma-men-navy--white-slim-fit-striped-round-neck-t-shirt/1761900/buy line 1635 > injectedScript, line 1: ReferenceError: gtag is not defined
JavaScript error: https://www.myntra.com/tshirts/beverly-hills-polo-club/beverly-hills-polo-club-men-yellow-solid-polo-collar-t-shirt/12119198/buy line 1635 > injectedScript, line 1: ReferenceError: gtag is not defined
JavaScript error: https://www.myntra.com/tshirts/rare-rabbit/rare-rabbit-men-mustard-yellow-solid-polo-collar-t-shirt/12097414/buy line 1635 > injectedScript, line 1: ReferenceError: gtag is not defined
JavaScript error: https://www.myntra.com/tshirts/roadster/roadster-men-white-striped-polo-t-shirt/1751640/buy line 1635 > injectedScript, line 1: ReferenceError: gtag is not defined
JavaScript error: https://www.myntra.com/tshirts/fido-dido/fido-dido-men-blue-solid-slim-fit-polo-collar-t-shirt/11147904/buy line 1635 > injectedScript, line 1: ReferenceError: gtag is not defined
JavaScript error: https://www.myntra.com/tshirts/maniac/maniac-men-blue-printed-round-neck-slim-fit-t-shirt/2493662/buy line 1635 > injectedScript, line 1: ReferenceError: gtag is not defined
JavaScript error: https://www.myntra.com/tshirts/calvin-klein-jeans/calvin-klein-jeans-men-white-printed-round-neck-t-shirt/10267903/buy line 1635 > injectedScript, line 1: ReferenceError: gtag is not defined
JavaScript error: https://www.myntra.com/tshirts/m7-by-metronaut/m7-by-metronaut-men-navy-blue-solid-polo-collar-t-shirt/11816484/buy line 1635 > injectedScript, line 1: ReferenceError: gtag is not defined
JavaScript error: https://www.myntra.com/tshirts/roadster/roadster-men-grey-melange-solid-round-neck-t-shirt/11306992/buy line 1635 > injectedScript, line 1: ReferenceError: gtag is not defined
JavaScript error: https://www.myntra.com/tshirts/rigo/rigo-men-blue-solid-round-neck-t-shirt/7480573/buy line 1635 > injectedScript, line 1: ReferenceError: gtag is not defined
JavaScript error: https://www.myntra.com/tshirts/hrx-by-hrithik-roshan/hrx-by-hrithik-roshan-men-grey-rapid-dry-n9-antimicrobial-technology-running-t-shirt/11640244/buy line 1635 > injectedScript, line 1: ReferenceError: gtag is not defined
JavaScript error: https://www.myntra.com/tshirts/roadster/roadster-men-navy-blue-printed-round-neck-t-shirt/9213107/buy line 1635 > injectedScript, line 1: ReferenceError: gtag is not defined
JavaScript error: https://www.myntra.com/tshirts/superdry/superdry-men-blue-dyed-active-ombre-round-neck-t-shirt/10724414/buy line 1635 > injectedScript, line 1: ReferenceError: gtag is not defined
JavaScript error: https://www.myntra.com/tshirts/moda-rapido/moda-rapido-men-charcoal-grey--marooon-printed-polo-collar-t-shirt/12014490/buy line 1635 > injectedScript, line 1: ReferenceError: gtag is not defined
JavaScript error: https://www.myntra.com/tshirts/hrx-by-hrithik-roshan/hrx-by-hrithik-roshan-men-black-slim-advanced-rapid-dry-raglan-t-shirt/2314424/buy line 1635 > injectedScript, line 1: ReferenceError: gtag is not defined
JavaScript error: https://www.myntra.com/tshirts/fido-dido/fido-dido-men-black-printed-polo-collar-slim-fit-t-shirt/2521204/buy line 1635 > injectedScript, line 1: ReferenceError: gtag is not defined
JavaScript error: https://www.myntra.com/tshirts/indian-terrain/indian-terrain-men-olive-green-printed-round-neck-t-shirt/11342626/buy line 1635 > injectedScript, line 1: ReferenceError: gtag is not defined
JavaScript error: https://www.myntra.com/tshirts/moda-rapido/moda-rapido-men-charcoal-grey--black-colourblocked-polo-collar-t-shirt/8401791/buy line 1635 > injectedScript, line 1: ReferenceError: gtag is not defined
JavaScript error: https://www.myntra.com/tshirts/roadster/roadster-men-grey-melange--rust-orange-striped-v-neck-t-shirt/1673734/buy line 1635 > injectedScript, line 1: ReferenceError: gtag is not defined
JavaScript error: https://www.myntra.com/tshirts/calvin-klein-jeans/calvin-klein-jeans-men-lime-green-solid-high-neck-sports-t-shirt/10267923/buy line 1635 > injectedScript, line 1: ReferenceError: gtag is not defined
JavaScript error: https://www.myntra.com/tshirts/roadster/roadster-men-charcoal-melange-printed-round-neck-t-shirt/1072681/buy line 1635 > injectedScript, line 1: ReferenceError: gtag is not defined
JavaScript error: https://www.myntra.com/tshirts/herenow/herenow-men-mustard-yellow--navy-colourblocked-t-shirt/2427598/buy line 1635 > injectedScript, line 1: ReferenceError: gtag is not defined
JavaScript error: https://www.myntra.com/tshirts/ether/ether-men-navy-blue-lightweight-stripe-print-round-neck-t-shirt/1704565/buy line 1635 > injectedScript, line 1: ReferenceError: gtag is not defined
JavaScript error: https://www.myntra.com/tshirts/beverly-hills-polo-club/beverly-hills-polo-club-men-navy-blue-solid-polo-collar-t-shirt/12121588/buy line 1635 > injectedScript, line 1: ReferenceError: gtag is not defined
JavaScript error: https://www.myntra.com/tshirts/roadster/roadster-men-grey-melange-solid-round-neck-t-shirt/11306990/buy line 1635 > injectedScript, line 1: ReferenceError: gtag is not defined
JavaScript error: https://www.myntra.com/tshirts/kook-n-keech-marvel/kook-n-keech-marvel-men-white-printed-captain-america-round-neck-t-shirt/8972445/buy line 1635 > injectedScript, line 1: ReferenceError: gtag is not defined
JavaScript error: https://www.myntra.com/tshirts/superdry/superdry-men-white--black-printed-applique-osaka-round-neck-t-shirt/9375633/buy line 1635 > injectedScript, line 1: ReferenceError: gtag is not defined
JavaScript error: https://www.myntra.com/tshirts/beverly-hills-polo-club/beverly-hills-polo-club-men-red--white-printed-polo-collar-t-shirt/12119174/buy line 1635 > injectedScript, line 1: ReferenceError: gtag is not defined
JavaScript error: https://www.myntra.com/tshirts/hrx-by-hrithik-roshan/hrx-by-hrithik-roshan-men-white-solid-round-neck-t-shirt/6555071/buy line 1635 > injectedScript, line 1: ReferenceError: gtag is not defined
JavaScript error: https://www.myntra.com/tshirts/wrogn/wrogn-men-black--charcoal-grey-slim-fit-colourblocked-round-neck-t-shirt/9768159/buy line 1635 > injectedScript, line 1: ReferenceError: gtag is not defined
JavaScript error: https://www.myntra.com/tshirts/ether/ether-black-henley-t-shirt/1032026/buy line 1635 > injectedScript, line 1: ReferenceError: gtag is not defined
JavaScript error: https://www.myntra.com/tshirts/campus-sutra/campus-sutra-men-blue-colourblocked-round-neck-t-shirt/10016983/buy line 1635 > injectedScript, line 1: ReferenceError: gtag is not defined
JavaScript error: https://www.myntra.com/tshirts/superdry/superdry-men-red-solid-polo-collar-t-shirt/9375483/buy line 1635 > injectedScript, line 1: ReferenceError: gtag is not defined
JavaScript error: https://www.myntra.com/tshirts/roadster/roadster-men-blue-printed-round-neck-t-shirt/2275305/buy line 1635 > injectedScript, line 1: ReferenceError: gtag is not defined
JavaScript error: https://www.myntra.com/tshirts/moda-rapido/moda-rapido-men-navy-blue--white-striped-round-neck-t-shirt/2378414/buy line 1635 > injectedScript, line 1: ReferenceError: gtag is not defined
JavaScript error: https://www.myntra.com/tshirts/herenow/herenow-men-white-solid-round-neck-t-shirt/8267997/buy line 1635 > injectedScript, line 1: ReferenceError: gtag is not defined
JavaScript error: https://www.myntra.com/tshirts/blue-saint/blue-saint-men-olive-green-solid-polo-collar-t-shirt/12141380/buy line 1635 > injectedScript, line 1: ReferenceError: gtag is not defined
JavaScript error: https://www.myntra.com/tshirts/hrx-by-hrithik-roshan/hrx-by-hrithik-roshan-men-charcoal-grey-slim-advanced-rapid-dry-raglan-t-shirt/2314372/buy line 1635 > injectedScript, line 1: ReferenceError: gtag is not defined
JavaScript error: https://www.myntra.com/tshirts/ether/ether-men-black-solid-round-neck-t-shirt/11760594/buy line 1635 > injectedScript, line 1: ReferenceError: gtag is not defined
JavaScript error: https://www.myntra.com/tshirts/hm/-hm-men-green-solid-round-neck-t-shirt-regular-fit/12084034/buy line 1635 > injectedScript, line 1: ReferenceError: gtag is not defined
JavaScript error: https://www.myntra.com/tshirts/roadster/roadster-men-olive-green-camouflage-round-neck-t-shirt/1830401/buy line 1635 > injectedScript, line 1: ReferenceError: gtag is not defined
JavaScript error: https://www.myntra.com/tshirts/herenow/herenow-men-black-abstract-printed-round-neck-t-shirt/4318147/buy line 1635 > injectedScript, line 1: ReferenceError: gtag is not defined
JavaScript error: https://www.myntra.com/tshirts/nautica/nautica-men-grey-melange--black-colourblocked-polo-collar-t-shirt/11630486/buy line 1635 > injectedScript, line 1: ReferenceError: gtag is not defined
JavaScript error: https://www.myntra.com/tshirts/hrx-by-hrithik-roshan/hrx-by-hrithik-roshan-men-off-white-printed-round-neck-bio-wash-yoga-t-shirt/11999546/buy line 1635 > injectedScript, line 1: ReferenceError: gtag is not defined
JavaScript error: https://www.myntra.com/tshirts/roadster/roadster-men-maroon-and-grey-printed-polo-collar-t-shirt/10424688/buy line 1635 > injectedScript, line 1: ReferenceError: gtag is not defined
1597495405730	Marionette	INFO	Stopped listening on port 36239
JavaScript error: https://www.myntra.com/tshirts/mast--harbour/mast--harbour-men-blue--black-honeybee-printed-polo-collar-t-shirt/11780436/buy line 1635 > injectedScript, line 1: ReferenceError: gtag is not defined

###!!! [Child][MessageChannel] Error: (msgtype=0x6C0029,name=PNecko::Msg_RemoveRequestContext) Channel closing: too late to send/recv, messages will be lost

